Started GET "/" for 127.0.0.1 at 2021-08-05 20:02:38 +0200
  [1m[35m (2.7ms)[0m  [1m[34mSELECT sqlite_version(*)[0m
Processing by Rails::WelcomeController#index as HTML
  Rendering C:/Ruby30-x64/lib/ruby/gems/3.0.0/gems/railties-6.1.4/lib/rails/templates/rails/welcome/index.html.erb
  Rendered C:/Ruby30-x64/lib/ruby/gems/3.0.0/gems/railties-6.1.4/lib/rails/templates/rails/welcome/index.html.erb (Duration: 5.9ms | Allocations: 618)
Completed 200 OK in 35ms (Views: 14.9ms | ActiveRecord: 0.0ms | Allocations: 4981)


Started GET "/" for 127.0.0.1 at 2021-08-05 20:07:12 +0200
Processing by Rails::WelcomeController#index as HTML
  Rendering C:/Ruby30-x64/lib/ruby/gems/3.0.0/gems/railties-6.1.4/lib/rails/templates/rails/welcome/index.html.erb
  Rendered C:/Ruby30-x64/lib/ruby/gems/3.0.0/gems/railties-6.1.4/lib/rails/templates/rails/welcome/index.html.erb (Duration: 3.3ms | Allocations: 262)
Completed 200 OK in 6ms (Views: 4.6ms | Allocations: 1171)


Started GET "/articles" for 127.0.0.1 at 2021-08-05 20:10:42 +0200
Processing by ArticlesController#index as HTML
  Rendering layout layouts/application.html.erb
  Rendering articles/index.html.erb within layouts/application
  Rendered articles/index.html.erb within layouts/application (Duration: 0.5ms | Allocations: 147)
[Webpacker] Compiling...
[Webpacker] Compiled all packs in C:/Users/Daniel/Documents/Programacion/Ruby/blog/public/packs
[Webpacker] Though the "loose" option was set to "false" in your @babel/preset-env config, it will not be used for @babel/plugin-proposal-private-property-in-object since the "loose" mode option was set to "true" for @babel/plugin-proposal-class-properties.
The "loose" option must be the same for @babel/plugin-proposal-class-properties, @babel/plugin-proposal-private-methods and @babel/plugin-proposal-private-property-in-object (when they are enabled): you can silence this warning by explicitly adding
	["@babel/plugin-proposal-private-property-in-object", { "loose": true }]
to the "plugins" section of your Babel config.
Though the "loose" option was set to "false" in your @babel/preset-env config, it will not be used for @babel/plugin-proposal-private-methods since the "loose" mode option was set to "true" for @babel/plugin-proposal-private-property-in-object.
The "loose" option must be the same for @babel/plugin-proposal-class-properties, @babel/plugin-proposal-private-methods and @babel/plugin-proposal-private-property-in-object (when they are enabled): you can silence this warning by explicitly adding
	["@babel/plugin-proposal-private-methods", { "loose": true }]
to the "plugins" section of your Babel config.
Though the "loose" option was set to "false" in your @babel/preset-env config, it will not be used for @babel/plugin-proposal-private-property-in-object since the "loose" mode option was set to "true" for @babel/plugin-proposal-class-properties.
The "loose" option must be the same for @babel/plugin-proposal-class-properties, @babel/plugin-proposal-private-methods and @babel/plugin-proposal-private-property-in-object (when they are enabled): you can silence this warning by explicitly adding
	["@babel/plugin-proposal-private-property-in-object", { "loose": true }]
to the "plugins" section of your Babel config.
Though the "loose" option was set to "false" in your @babel/preset-env config, it will not be used for @babel/plugin-proposal-private-methods since the "loose" mode option was set to "true" for @babel/plugin-proposal-private-property-in-object.
The "loose" option must be the same for @babel/plugin-proposal-class-properties, @babel/plugin-proposal-private-methods and @babel/plugin-proposal-private-property-in-object (when they are enabled): you can silence this warning by explicitly adding
	["@babel/plugin-proposal-private-methods", { "loose": true }]
to the "plugins" section of your Babel config.
Though the "loose" option was set to "false" in your @babel/preset-env config, it will not be used for @babel/plugin-proposal-private-property-in-object since the "loose" mode option was set to "true" for @babel/plugin-proposal-class-properties.
The "loose" option must be the same for @babel/plugin-proposal-class-properties, @babel/plugin-proposal-private-methods and @babel/plugin-proposal-private-property-in-object (when they are enabled): you can silence this warning by explicitly adding
	["@babel/plugin-proposal-private-property-in-object", { "loose": true }]
to the "plugins" section of your Babel config.
Though the "loose" option was set to "false" in your @babel/preset-env config, it will not be used for @babel/plugin-proposal-private-methods since the "loose" mode option was set to "true" for @babel/plugin-proposal-private-property-in-object.
The "loose" option must be the same for @babel/plugin-proposal-class-properties, @babel/plugin-proposal-private-methods and @babel/plugin-proposal-private-property-in-object (when they are enabled): you can silence this warning by explicitly adding
	["@babel/plugin-proposal-private-methods", { "loose": true }]
to the "plugins" section of your Babel config.
Though the "loose" option was set to "false" in your @babel/preset-env config, it will not be used for @babel/plugin-proposal-private-property-in-object since the "loose" mode option was set to "true" for @babel/plugin-proposal-class-properties.
The "loose" option must be the same for @babel/plugin-proposal-class-properties, @babel/plugin-proposal-private-methods and @babel/plugin-proposal-private-property-in-object (when they are enabled): you can silence this warning by explicitly adding
	["@babel/plugin-proposal-private-property-in-object", { "loose": true }]
to the "plugins" section of your Babel config.
Though the "loose" option was set to "false" in your @babel/preset-env config, it will not be used for @babel/plugin-proposal-private-methods since the "loose" mode option was set to "true" for @babel/plugin-proposal-private-property-in-object.
The "loose" option must be the same for @babel/plugin-proposal-class-properties, @babel/plugin-proposal-private-methods and @babel/plugin-proposal-private-property-in-object (when they are enabled): you can silence this warning by explicitly adding
	["@babel/plugin-proposal-private-methods", { "loose": true }]
to the "plugins" section of your Babel config.
Though the "loose" option was set to "false" in your @babel/preset-env config, it will not be used for @babel/plugin-proposal-private-property-in-object since the "loose" mode option was set to "true" for @babel/plugin-proposal-class-properties.
The "loose" option must be the same for @babel/plugin-proposal-class-properties, @babel/plugin-proposal-private-methods and @babel/plugin-proposal-private-property-in-object (when they are enabled): you can silence this warning by explicitly adding
	["@babel/plugin-proposal-private-property-in-object", { "loose": true }]
to the "plugins" section of your Babel config.
Though the "loose" option was set to "false" in your @babel/preset-env config, it will not be used for @babel/plugin-proposal-private-methods since the "loose" mode option was set to "true" for @babel/plugin-proposal-private-property-in-object.
The "loose" option must be the same for @babel/plugin-proposal-class-properties, @babel/plugin-proposal-private-methods and @babel/plugin-proposal-private-property-in-object (when they are enabled): you can silence this warning by explicitly adding
	["@babel/plugin-proposal-private-methods", { "loose": true }]
to the "plugins" section of your Babel config.
Though the "loose" option was set to "false" in your @babel/preset-env config, it will not be used for @babel/plugin-proposal-private-property-in-object since the "loose" mode option was set to "true" for @babel/plugin-proposal-class-properties.
The "loose" option must be the same for @babel/plugin-proposal-class-properties, @babel/plugin-proposal-private-methods and @babel/plugin-proposal-private-property-in-object (when they are enabled): you can silence this warning by explicitly adding
	["@babel/plugin-proposal-private-property-in-object", { "loose": true }]
to the "plugins" section of your Babel config.
Though the "loose" option was set to "false" in your @babel/preset-env config, it will not be used for @babel/plugin-proposal-private-methods since the "loose" mode option was set to "true" for @babel/plugin-proposal-private-property-in-object.
The "loose" option must be the same for @babel/plugin-proposal-class-properties, @babel/plugin-proposal-private-methods and @babel/plugin-proposal-private-property-in-object (when they are enabled): you can silence this warning by explicitly adding
	["@babel/plugin-proposal-private-methods", { "loose": true }]
to the "plugins" section of your Babel config.

[Webpacker] Hash: e2a8a876c5815bee1e21
Version: webpack 4.46.0
Time: 1288ms
Built at: 08/05/2021 8:10:45 PM
                                     Asset       Size       Chunks                         Chunk Names
    js/application-e421b4aa3f716bebdab1.js    125 KiB  application  [emitted] [immutable]  application
js/application-e421b4aa3f716bebdab1.js.map    139 KiB  application  [emitted] [dev]        application
                             manifest.json  364 bytes               [emitted]              
Entrypoint application = js/application-e421b4aa3f716bebdab1.js js/application-e421b4aa3f716bebdab1.js.map
[./app/javascript/channels sync recursive _channel\.js$] ./app/javascript/channels sync _channel\.js$ 160 bytes {application} [built]
[./app/javascript/channels/index.js] 211 bytes {application} [built]
[./app/javascript/packs/application.js] 492 bytes {application} [built]
[./node_modules/webpack/buildin/module.js] (webpack)/buildin/module.js 552 bytes {application} [built]
    + 3 hidden modules

  Rendered layout layouts/application.html.erb (Duration: 3241.4ms | Allocations: 16633)
Completed 200 OK in 3247ms (Views: 3245.6ms | Allocations: 18094)


Started GET "/articles" for 127.0.0.1 at 2021-08-05 20:12:22 +0200
Processing by ArticlesController#index as HTML
  Rendering layout layouts/application.html.erb
  Rendering articles/index.html.erb within layouts/application
  Rendered articles/index.html.erb within layouts/application (Duration: 1.0ms | Allocations: 145)
[Webpacker] Everything's up-to-date. Nothing to do
  Rendered layout layouts/application.html.erb (Duration: 71.8ms | Allocations: 4004)
Completed 200 OK in 77ms (Views: 75.6ms | Allocations: 5464)


Started GET "/" for 127.0.0.1 at 2021-08-05 20:13:31 +0200
Processing by ArticlesController#index as HTML
  Rendering layout layouts/application.html.erb
  Rendering articles/index.html.erb within layouts/application
  Rendered articles/index.html.erb within layouts/application (Duration: 0.1ms | Allocations: 59)
[Webpacker] Everything's up-to-date. Nothing to do
  Rendered layout layouts/application.html.erb (Duration: 47.5ms | Allocations: 3722)
Completed 200 OK in 50ms (Views: 49.0ms | Allocations: 4514)


  [1m[35m (0.4ms)[0m  [1m[34mSELECT sqlite_version(*)[0m
  [1m[35m (6.5ms)[0m  [1m[35mCREATE TABLE "schema_migrations" ("version" varchar NOT NULL PRIMARY KEY)[0m
  [1m[35m (3.8ms)[0m  [1m[35mCREATE TABLE "ar_internal_metadata" ("key" varchar NOT NULL PRIMARY KEY, "value" varchar, "created_at" datetime(6) NOT NULL, "updated_at" datetime(6) NOT NULL)[0m
  [1m[35m (0.2ms)[0m  [1m[34mSELECT "schema_migrations"."version" FROM "schema_migrations" ORDER BY "schema_migrations"."version" ASC[0m
Migrating to CreateArticles (20210805181429)
  [1m[36mTRANSACTION (0.1ms)[0m  [1m[36mbegin transaction[0m
  [1m[35m (0.8ms)[0m  [1m[35mCREATE TABLE "articles" ("id" integer PRIMARY KEY AUTOINCREMENT NOT NULL, "title" varchar, "body" text, "created_at" datetime(6) NOT NULL, "updated_at" datetime(6) NOT NULL)[0m
  [1m[36mActiveRecord::SchemaMigration Create (0.2ms)[0m  [1m[32mINSERT INTO "schema_migrations" ("version") VALUES (?)[0m  [["version", "20210805181429"]]
  [1m[36mTRANSACTION (2.7ms)[0m  [1m[36mcommit transaction[0m
  [1m[36mActiveRecord::InternalMetadata Load (0.2ms)[0m  [1m[34mSELECT "ar_internal_metadata".* FROM "ar_internal_metadata" WHERE "ar_internal_metadata"."key" = ? LIMIT ?[0m  [["key", "environment"], ["LIMIT", 1]]
  [1m[36mTRANSACTION (0.0ms)[0m  [1m[36mbegin transaction[0m
  [1m[36mActiveRecord::InternalMetadata Create (0.6ms)[0m  [1m[32mINSERT INTO "ar_internal_metadata" ("key", "value", "created_at", "updated_at") VALUES (?, ?, ?, ?)[0m  [["key", "environment"], ["value", "development"], ["created_at", "2021-08-05 18:16:17.307163"], ["updated_at", "2021-08-05 18:16:17.307163"]]
  [1m[36mTRANSACTION (2.5ms)[0m  [1m[36mcommit transaction[0m
  [1m[35m (0.0ms)[0m  [1m[34mSELECT sqlite_version(*)[0m
  [1m[35m (0.1ms)[0m  [1m[34mSELECT "schema_migrations"."version" FROM "schema_migrations" ORDER BY "schema_migrations"."version" ASC[0m
  [1m[35m (0.4ms)[0m  [1m[34mSELECT sqlite_version(*)[0m
  [1m[36mTRANSACTION (0.1ms)[0m  [1m[36mbegin transaction[0m
  [1m[36mArticle Create (1.0ms)[0m  [1m[32mINSERT INTO "articles" ("title", "body", "created_at", "updated_at") VALUES (?, ?, ?, ?)[0m  [["title", "Hello Rails"], ["body", "I am on Rails!"], ["created_at", "2021-08-05 18:17:53.549544"], ["updated_at", "2021-08-05 18:17:53.549544"]]
  [1m[36mTRANSACTION (55.6ms)[0m  [1m[36mcommit transaction[0m
  [1m[36mArticle Load (0.2ms)[0m  [1m[34mSELECT "articles".* FROM "articles"[0m
  [1m[36mTRANSACTION (0.0ms)[0m  [1m[36mbegin transaction[0m
  [1m[36mArticle Create (1.0ms)[0m  [1m[32mINSERT INTO "articles" ("title", "body", "created_at", "updated_at") VALUES (?, ?, ?, ?)[0m  [["title", "Hello Rails"], ["body", "I am on Rails!ss"], ["created_at", "2021-08-05 18:18:31.364807"], ["updated_at", "2021-08-05 18:18:31.364807"]]
  [1m[36mTRANSACTION (56.6ms)[0m  [1m[36mcommit transaction[0m
  [1m[36mArticle Load (0.2ms)[0m  [1m[34mSELECT "articles".* FROM "articles"[0m
Started GET "/" for 127.0.0.1 at 2021-08-05 20:26:13 +0200
  [1m[35m (0.1ms)[0m  [1m[34mSELECT sqlite_version(*)[0m
  [1m[35m (0.2ms)[0m  [1m[34mSELECT "schema_migrations"."version" FROM "schema_migrations" ORDER BY "schema_migrations"."version" ASC[0m
Processing by ArticlesController#index as HTML
  Rendering layout layouts/application.html.erb
  Rendering articles/index.html.erb within layouts/application
  Rendered articles/index.html.erb within layouts/application (Duration: 4.1ms | Allocations: 1846)
  Rendered layout layouts/application.html.erb (Duration: 4.9ms | Allocations: 1928)
Completed 500 Internal Server Error in 11ms (ActiveRecord: 0.0ms | Allocations: 3988)


  
ActionView::SyntaxErrorInTemplate (Encountered a syntax error while rendering template: check <h1>Articles</h1>

<ul>
    <% @articles.each do |article|>
    <li>
        <%= article.title %> 
    </li>
</ul>
):
1:    <h1>Articles</h1>
2:    
3:    <ul>
4:        <% @articles.each do |article|>
5:        <li>
6:            <%= article.title %> 
7:        </li>
8:    </ul>
  
app/views/articles/index.html.erb:4: syntax error, unexpected '>'
app/views/articles/index.html.erb:10: syntax error, unexpected end-of-input, expecting `end'
app/views/articles/index.html.erb:4: syntax error, unexpected '>'
app/views/articles/index.html.erb:10: syntax error, unexpected end-of-input, expecting `end'
app/views/articles/index.html.erb:4: syntax error, unexpected '>'
app/views/articles/index.html.erb:10: syntax error, unexpected end-of-input, expecting `end'
app/views/articles/index.html.erb:4: syntax error, unexpected '>'
app/views/articles/index.html.erb:10: syntax error, unexpected end-of-input, expecting `end'
app/views/articles/index.html.erb:4: syntax error, unexpected '>'
app/views/articles/index.html.erb:10: syntax error, unexpected end-of-input, expecting `end'
app/views/articles/index.html.erb:4: syntax error, unexpected '>'
app/views/articles/index.html.erb:10: syntax error, unexpected end-of-input, expecting `end'
Started GET "/" for 127.0.0.1 at 2021-08-05 20:26:26 +0200
Processing by ArticlesController#index as HTML
  Rendering layout layouts/application.html.erb
  Rendering articles/index.html.erb within layouts/application
  Rendered articles/index.html.erb within layouts/application (Duration: 1.4ms | Allocations: 1166)
  Rendered layout layouts/application.html.erb (Duration: 2.2ms | Allocations: 1240)
Completed 500 Internal Server Error in 8ms (ActiveRecord: 0.0ms | Allocations: 2624)


  
ActionView::SyntaxErrorInTemplate (Encountered a syntax error while rendering template: check <h1>Articles</h1>

<ul>
    <% @articles.each do |article| %>
    <li>
        <%= article.title %> 
    </li>
</ul>
):
1:    <h1>Articles</h1>
2:    
3:    <ul>
4:        <% @articles.each do |article| %>
5:        <li>
6:            <%= article.title %> 
7:        </li>
8:    </ul>
  
app/views/articles/index.html.erb:10: syntax error, unexpected end-of-input, expecting `end'
app/views/articles/index.html.erb:10: syntax error, unexpected end-of-input, expecting `end'
app/views/articles/index.html.erb:10: syntax error, unexpected end-of-input, expecting `end'
app/views/articles/index.html.erb:10: syntax error, unexpected end-of-input, expecting `end'
app/views/articles/index.html.erb:10: syntax error, unexpected end-of-input, expecting `end'
app/views/articles/index.html.erb:10: syntax error, unexpected end-of-input, expecting `end'
Started GET "/" for 127.0.0.1 at 2021-08-05 20:26:27 +0200
Processing by ArticlesController#index as HTML
  Rendering layout layouts/application.html.erb
  Rendering articles/index.html.erb within layouts/application
  Rendered articles/index.html.erb within layouts/application (Duration: 0.5ms | Allocations: 1112)
  Rendered layout layouts/application.html.erb (Duration: 1.1ms | Allocations: 1179)
Completed 500 Internal Server Error in 2ms (ActiveRecord: 0.0ms | Allocations: 1690)


  
ActionView::SyntaxErrorInTemplate (Encountered a syntax error while rendering template: check <h1>Articles</h1>

<ul>
    <% @articles.each do |article| %>
    <li>
        <%= article.title %> 
    </li>
</ul>
):
1:    <h1>Articles</h1>
2:    
3:    <ul>
4:        <% @articles.each do |article| %>
5:        <li>
6:            <%= article.title %> 
7:        </li>
8:    </ul>
  
app/views/articles/index.html.erb:10: syntax error, unexpected end-of-input, expecting `end'
app/views/articles/index.html.erb:10: syntax error, unexpected end-of-input, expecting `end'
app/views/articles/index.html.erb:10: syntax error, unexpected end-of-input, expecting `end'
app/views/articles/index.html.erb:10: syntax error, unexpected end-of-input, expecting `end'
app/views/articles/index.html.erb:10: syntax error, unexpected end-of-input, expecting `end'
app/views/articles/index.html.erb:10: syntax error, unexpected end-of-input, expecting `end'
Started GET "/" for 127.0.0.1 at 2021-08-05 20:26:48 +0200
Processing by ArticlesController#index as HTML
  Rendering layout layouts/application.html.erb
  Rendering articles/index.html.erb within layouts/application
  [1m[36mArticle Load (0.2ms)[0m  [1m[34mSELECT "articles".* FROM "articles"[0m
  ↳ app/views/articles/index.html.erb:4
  Rendered articles/index.html.erb within layouts/application (Duration: 9.1ms | Allocations: 4214)
[Webpacker] Everything's up-to-date. Nothing to do
  Rendered layout layouts/application.html.erb (Duration: 56.7ms | Allocations: 8080)
Completed 200 OK in 62ms (Views: 60.0ms | ActiveRecord: 0.7ms | Allocations: 9421)


Started GET "/" for 127.0.0.1 at 2021-08-05 20:27:42 +0200
Processing by ArticlesController#index as HTML
  Rendering layout layouts/application.html.erb
  Rendering articles/index.html.erb within layouts/application
  [1m[36mArticle Load (0.2ms)[0m  [1m[34mSELECT "articles".* FROM "articles"[0m
  ↳ app/views/articles/index.html.erb:4
  Rendered articles/index.html.erb within layouts/application (Duration: 6.0ms | Allocations: 982)
[Webpacker] Everything's up-to-date. Nothing to do
  Rendered layout layouts/application.html.erb (Duration: 51.9ms | Allocations: 4841)
Completed 200 OK in 60ms (Views: 55.7ms | ActiveRecord: 0.2ms | Allocations: 6235)


Started GET "/" for 127.0.0.1 at 2021-08-05 20:27:43 +0200
Processing by ArticlesController#index as HTML
  Rendering layout layouts/application.html.erb
  Rendering articles/index.html.erb within layouts/application
  [1m[36mArticle Load (0.1ms)[0m  [1m[34mSELECT "articles".* FROM "articles"[0m
  ↳ app/views/articles/index.html.erb:4
  Rendered articles/index.html.erb within layouts/application (Duration: 1.8ms | Allocations: 701)
[Webpacker] Everything's up-to-date. Nothing to do
  Rendered layout layouts/application.html.erb (Duration: 43.5ms | Allocations: 4146)
Completed 200 OK in 45ms (Views: 44.4ms | ActiveRecord: 0.1ms | Allocations: 4676)


Started GET "/show/1" for 127.0.0.1 at 2021-08-05 20:38:08 +0200
  
ActionController::RoutingError (No route matches [GET] "/show/1"):
  
Started GET "/show?1" for 127.0.0.1 at 2021-08-05 20:38:16 +0200
  
ActionController::RoutingError (No route matches [GET] "/show"):
  
Started GET "/articles/1" for 127.0.0.1 at 2021-08-05 20:38:27 +0200
Processing by ArticlesController#show as HTML
  Parameters: {"id"=>"1"}
  [1m[35m (0.1ms)[0m  [1m[34mSELECT sqlite_version(*)[0m
  ↳ app/controllers/articles_controller.rb:7:in `show'
  [1m[36mArticle Load (0.2ms)[0m  [1m[34mSELECT "articles".* FROM "articles" WHERE "articles"."id" = ? LIMIT ?[0m  [["id", 1], ["LIMIT", 1]]
  ↳ app/controllers/articles_controller.rb:7:in `show'
  Rendering layout layouts/application.html.erb
  Rendering articles/show.html.erb within layouts/application
  Rendered articles/show.html.erb within layouts/application (Duration: 3.6ms | Allocations: 193)
[Webpacker] Everything's up-to-date. Nothing to do
  Rendered layout layouts/application.html.erb (Duration: 42.3ms | Allocations: 4058)
Completed 200 OK in 56ms (Views: 46.3ms | ActiveRecord: 0.5ms | Allocations: 10486)


Started GET "/articles/1" for 127.0.0.1 at 2021-08-05 20:39:33 +0200
Processing by ArticlesController#show as HTML
  Parameters: {"id"=>"1"}
  [1m[36mArticle Load (0.1ms)[0m  [1m[34mSELECT "articles".* FROM "articles" WHERE "articles"."id" = ? LIMIT ?[0m  [["id", 1], ["LIMIT", 1]]
  ↳ app/controllers/articles_controller.rb:7:in `show'
  Rendering layout layouts/application.html.erb
  Rendering articles/show.html.erb within layouts/application
  Rendered articles/show.html.erb within layouts/application (Duration: 0.4ms | Allocations: 181)
[Webpacker] Everything's up-to-date. Nothing to do
  Rendered layout layouts/application.html.erb (Duration: 38.8ms | Allocations: 4036)
Completed 200 OK in 46ms (Views: 42.5ms | ActiveRecord: 0.1ms | Allocations: 6032)


Started GET "/" for 127.0.0.1 at 2021-08-05 20:39:38 +0200
Processing by ArticlesController#index as HTML
  Rendering layout layouts/application.html.erb
  Rendering articles/index.html.erb within layouts/application
  [1m[36mArticle Load (0.2ms)[0m  [1m[34mSELECT "articles".* FROM "articles"[0m
  ↳ app/views/articles/index.html.erb:4
  Rendered articles/index.html.erb within layouts/application (Duration: 6.1ms | Allocations: 974)
[Webpacker] Everything's up-to-date. Nothing to do
  Rendered layout layouts/application.html.erb (Duration: 46.6ms | Allocations: 4418)
Completed 200 OK in 49ms (Views: 47.2ms | ActiveRecord: 0.2ms | Allocations: 5079)


Started GET "/'/articles/1" for 127.0.0.1 at 2021-08-05 20:39:40 +0200
  
ActionController::RoutingError (No route matches [GET] "/'/articles/1"):
  
Started GET "/'/articles/1" for 127.0.0.1 at 2021-08-05 20:39:52 +0200
  
ActionController::RoutingError (No route matches [GET] "/'/articles/1"):
  
Started GET "/" for 127.0.0.1 at 2021-08-05 20:39:57 +0200
Processing by ArticlesController#index as HTML
  Rendering layout layouts/application.html.erb
  Rendering articles/index.html.erb within layouts/application
  [1m[36mArticle Load (0.2ms)[0m  [1m[34mSELECT "articles".* FROM "articles"[0m
  ↳ app/views/articles/index.html.erb:4
  Rendered articles/index.html.erb within layouts/application (Duration: 6.2ms | Allocations: 992)
[Webpacker] Everything's up-to-date. Nothing to do
  Rendered layout layouts/application.html.erb (Duration: 41.2ms | Allocations: 4850)
Completed 200 OK in 46ms (Views: 44.9ms | ActiveRecord: 0.2ms | Allocations: 6192)


Started GET "/articles/1" for 127.0.0.1 at 2021-08-05 20:39:58 +0200
Processing by ArticlesController#show as HTML
  Parameters: {"id"=>"1"}
  [1m[36mArticle Load (0.2ms)[0m  [1m[34mSELECT "articles".* FROM "articles" WHERE "articles"."id" = ? LIMIT ?[0m  [["id", 1], ["LIMIT", 1]]
  ↳ app/controllers/articles_controller.rb:7:in `show'
  Rendering layout layouts/application.html.erb
  Rendering articles/show.html.erb within layouts/application
  Rendered articles/show.html.erb within layouts/application (Duration: 0.5ms | Allocations: 141)
[Webpacker] Everything's up-to-date. Nothing to do
  Rendered layout layouts/application.html.erb (Duration: 40.0ms | Allocations: 3592)
Completed 200 OK in 44ms (Views: 41.0ms | ActiveRecord: 0.2ms | Allocations: 4808)


Started GET "/articles/2" for 127.0.0.1 at 2021-08-05 20:40:01 +0200
Processing by ArticlesController#show as HTML
  Parameters: {"id"=>"2"}
  [1m[36mArticle Load (0.1ms)[0m  [1m[34mSELECT "articles".* FROM "articles" WHERE "articles"."id" = ? LIMIT ?[0m  [["id", 2], ["LIMIT", 1]]
  ↳ app/controllers/articles_controller.rb:7:in `show'
  Rendering layout layouts/application.html.erb
  Rendering articles/show.html.erb within layouts/application
  Rendered articles/show.html.erb within layouts/application (Duration: 0.1ms | Allocations: 44)
[Webpacker] Everything's up-to-date. Nothing to do
  Rendered layout layouts/application.html.erb (Duration: 44.1ms | Allocations: 3488)
Completed 200 OK in 47ms (Views: 45.3ms | ActiveRecord: 0.1ms | Allocations: 4494)


Started GET "/articles/2" for 127.0.0.1 at 2021-08-05 20:43:24 +0200
Processing by ArticlesController#show as HTML
  Parameters: {"id"=>"2"}
  [1m[35m (0.1ms)[0m  [1m[34mSELECT sqlite_version(*)[0m
  ↳ app/controllers/articles_controller.rb:7:in `show'
  [1m[36mArticle Load (0.1ms)[0m  [1m[34mSELECT "articles".* FROM "articles" WHERE "articles"."id" = ? LIMIT ?[0m  [["id", 2], ["LIMIT", 1]]
  ↳ app/controllers/articles_controller.rb:7:in `show'
  Rendering layout layouts/application.html.erb
  Rendering articles/show.html.erb within layouts/application
  Rendered articles/show.html.erb within layouts/application (Duration: 0.6ms | Allocations: 187)
[Webpacker] Everything's up-to-date. Nothing to do
  Rendered layout layouts/application.html.erb (Duration: 47.7ms | Allocations: 4021)
Completed 200 OK in 62ms (Views: 51.5ms | ActiveRecord: 1.1ms | Allocations: 10196)


Started GET "/" for 127.0.0.1 at 2021-08-05 20:43:28 +0200
Processing by ArticlesController#index as HTML
  Rendering layout layouts/application.html.erb
  Rendering articles/index.html.erb within layouts/application
  [1m[36mArticle Load (0.2ms)[0m  [1m[34mSELECT "articles".* FROM "articles"[0m
  ↳ app/views/articles/index.html.erb:4
  Rendered articles/index.html.erb within layouts/application (Duration: 2.9ms | Allocations: 1057)
[Webpacker] Everything's up-to-date. Nothing to do
  Rendered layout layouts/application.html.erb (Duration: 42.9ms | Allocations: 4501)
Completed 200 OK in 45ms (Views: 43.7ms | ActiveRecord: 0.2ms | Allocations: 5161)


Started GET "/articles/1" for 127.0.0.1 at 2021-08-05 20:43:30 +0200
Processing by ArticlesController#show as HTML
  Parameters: {"id"=>"1"}
  [1m[36mArticle Load (0.1ms)[0m  [1m[34mSELECT "articles".* FROM "articles" WHERE "articles"."id" = ? LIMIT ?[0m  [["id", 1], ["LIMIT", 1]]
  ↳ app/controllers/articles_controller.rb:7:in `show'
  Rendering layout layouts/application.html.erb
  Rendering articles/show.html.erb within layouts/application
  Rendered articles/show.html.erb within layouts/application (Duration: 0.1ms | Allocations: 44)
[Webpacker] Everything's up-to-date. Nothing to do
  Rendered layout layouts/application.html.erb (Duration: 44.2ms | Allocations: 3495)
Completed 200 OK in 47ms (Views: 45.2ms | ActiveRecord: 0.1ms | Allocations: 4528)


Started GET "/articles/1" for 127.0.0.1 at 2021-08-05 20:44:18 +0200
Processing by ArticlesController#show as HTML
  Parameters: {"id"=>"1"}
  [1m[36mArticle Load (0.2ms)[0m  [1m[34mSELECT "articles".* FROM "articles" WHERE "articles"."id" = ? LIMIT ?[0m  [["id", 1], ["LIMIT", 1]]
  ↳ app/controllers/articles_controller.rb:7:in `show'
  Rendering layout layouts/application.html.erb
  Rendering articles/show.html.erb within layouts/application
  Rendered articles/show.html.erb within layouts/application (Duration: 0.6ms | Allocations: 186)
[Webpacker] Everything's up-to-date. Nothing to do
  Rendered layout layouts/application.html.erb (Duration: 36.9ms | Allocations: 4048)
Completed 200 OK in 44ms (Views: 40.7ms | ActiveRecord: 0.2ms | Allocations: 5926)


Started GET "/" for 127.0.0.1 at 2021-08-05 20:44:21 +0200
Processing by ArticlesController#index as HTML
  Rendering layout layouts/application.html.erb
  Rendering articles/index.html.erb within layouts/application
  [1m[36mArticle Load (0.2ms)[0m  [1m[34mSELECT "articles".* FROM "articles"[0m
  ↳ app/views/articles/index.html.erb:4
  Rendered articles/index.html.erb within layouts/application (Duration: 8.1ms | Allocations: 1100)
[Webpacker] Everything's up-to-date. Nothing to do
  Rendered layout layouts/application.html.erb (Duration: 44.1ms | Allocations: 4544)
Completed 200 OK in 46ms (Views: 44.8ms | ActiveRecord: 0.2ms | Allocations: 5206)


Started GET "/articles/1" for 127.0.0.1 at 2021-08-05 20:44:22 +0200
Processing by ArticlesController#show as HTML
  Parameters: {"id"=>"1"}
  [1m[36mArticle Load (0.4ms)[0m  [1m[34mSELECT "articles".* FROM "articles" WHERE "articles"."id" = ? LIMIT ?[0m  [["id", 1], ["LIMIT", 1]]
  ↳ app/controllers/articles_controller.rb:7:in `show'
  Rendering layout layouts/application.html.erb
  Rendering articles/show.html.erb within layouts/application
  Rendered articles/show.html.erb within layouts/application (Duration: 0.3ms | Allocations: 44)
[Webpacker] Everything's up-to-date. Nothing to do
  Rendered layout layouts/application.html.erb (Duration: 40.1ms | Allocations: 3488)
Completed 200 OK in 45ms (Views: 41.2ms | ActiveRecord: 0.4ms | Allocations: 4521)


Started GET "/" for 127.0.0.1 at 2021-08-05 20:44:24 +0200
Processing by ArticlesController#index as HTML
  Rendering layout layouts/application.html.erb
  Rendering articles/index.html.erb within layouts/application
  [1m[36mArticle Load (0.2ms)[0m  [1m[34mSELECT "articles".* FROM "articles"[0m
  ↳ app/views/articles/index.html.erb:4
  Rendered articles/index.html.erb within layouts/application (Duration: 2.1ms | Allocations: 762)
[Webpacker] Everything's up-to-date. Nothing to do
  Rendered layout layouts/application.html.erb (Duration: 48.8ms | Allocations: 4205)
Completed 200 OK in 50ms (Views: 49.5ms | ActiveRecord: 0.2ms | Allocations: 4681)


Started GET "/articles/2" for 127.0.0.1 at 2021-08-05 20:44:25 +0200
Processing by ArticlesController#show as HTML
  Parameters: {"id"=>"2"}
  [1m[36mArticle Load (0.1ms)[0m  [1m[34mSELECT "articles".* FROM "articles" WHERE "articles"."id" = ? LIMIT ?[0m  [["id", 2], ["LIMIT", 1]]
  ↳ app/controllers/articles_controller.rb:7:in `show'
  Rendering layout layouts/application.html.erb
  Rendering articles/show.html.erb within layouts/application
  Rendered articles/show.html.erb within layouts/application (Duration: 0.1ms | Allocations: 44)
[Webpacker] Everything's up-to-date. Nothing to do
  Rendered layout layouts/application.html.erb (Duration: 43.8ms | Allocations: 3488)
Completed 200 OK in 47ms (Views: 44.8ms | ActiveRecord: 0.1ms | Allocations: 4494)


Started GET "/articles/1" for 127.0.0.1 at 2021-08-05 20:44:27 +0200
Processing by ArticlesController#show as HTML
  Parameters: {"id"=>"1"}
  [1m[36mArticle Load (0.2ms)[0m  [1m[34mSELECT "articles".* FROM "articles" WHERE "articles"."id" = ? LIMIT ?[0m  [["id", 1], ["LIMIT", 1]]
  ↳ app/controllers/articles_controller.rb:7:in `show'
  Rendering layout layouts/application.html.erb
  Rendering articles/show.html.erb within layouts/application
  Rendered articles/show.html.erb within layouts/application (Duration: 0.1ms | Allocations: 44)
[Webpacker] Everything's up-to-date. Nothing to do
  Rendered layout layouts/application.html.erb (Duration: 41.6ms | Allocations: 3488)
Completed 200 OK in 45ms (Views: 42.5ms | ActiveRecord: 0.2ms | Allocations: 4494)


Started GET "/articles/2" for 127.0.0.1 at 2021-08-05 20:44:29 +0200
Processing by ArticlesController#show as HTML
  Parameters: {"id"=>"2"}
  [1m[36mArticle Load (0.1ms)[0m  [1m[34mSELECT "articles".* FROM "articles" WHERE "articles"."id" = ? LIMIT ?[0m  [["id", 2], ["LIMIT", 1]]
  ↳ app/controllers/articles_controller.rb:7:in `show'
  Rendering layout layouts/application.html.erb
  Rendering articles/show.html.erb within layouts/application
  Rendered articles/show.html.erb within layouts/application (Duration: 0.1ms | Allocations: 44)
[Webpacker] Everything's up-to-date. Nothing to do
  Rendered layout layouts/application.html.erb (Duration: 44.9ms | Allocations: 3490)
Completed 200 OK in 48ms (Views: 45.8ms | ActiveRecord: 0.1ms | Allocations: 4496)


Started GET "/articles/new" for 127.0.0.1 at 2021-08-05 21:05:37 +0200
  [1m[35m (5.7ms)[0m  [1m[34mSELECT sqlite_version(*)[0m
  [1m[35m (0.2ms)[0m  [1m[34mSELECT "schema_migrations"."version" FROM "schema_migrations" ORDER BY "schema_migrations"."version" ASC[0m
Processing by ArticlesController#new as HTML
  Rendering layout layouts/application.html.erb
  Rendering articles/new.html.erb within layouts/application
  Rendered articles/new.html.erb within layouts/application (Duration: 48.7ms | Allocations: 5825)
[Webpacker] Everything's up-to-date. Nothing to do
  Rendered layout layouts/application.html.erb (Duration: 180.0ms | Allocations: 12422)
Completed 200 OK in 271ms (Views: 194.9ms | ActiveRecord: 0.6ms | Allocations: 19915)


Started GET "/articles/new" for 127.0.0.1 at 2021-08-05 21:05:51 +0200
Processing by ArticlesController#new as HTML
  Rendering layout layouts/application.html.erb
  Rendering articles/new.html.erb within layouts/application
  Rendered articles/new.html.erb within layouts/application (Duration: 0.9ms | Allocations: 782)
[Webpacker] Everything's up-to-date. Nothing to do
  Rendered layout layouts/application.html.erb (Duration: 47.4ms | Allocations: 4260)
Completed 200 OK in 49ms (Views: 48.4ms | ActiveRecord: 0.0ms | Allocations: 4864)


Started POST "/articles" for 127.0.0.1 at 2021-08-05 21:06:00 +0200
Processing by ArticlesController#create as HTML
  Parameters: {"authenticity_token"=>"[FILTERED]", "article"=>{"title"=>"hola", "text"=>"Que tal estás?"}, "commit"=>"Create Article"}
Completed 500 Internal Server Error in 5ms (ActiveRecord: 0.0ms | Allocations: 3268)


  
NameError (undefined local variable or method `article_params' for #<ArticlesController:0x00000000007d78>
Did you mean?  article_path):
  
app/controllers/articles_controller.rb:15:in `create'
Started GET "/articles" for 127.0.0.1 at 2021-08-05 21:10:22 +0200
Processing by ArticlesController#index as HTML
  Rendering layout layouts/application.html.erb
  Rendering articles/index.html.erb within layouts/application
  [1m[35m (0.1ms)[0m  [1m[34mSELECT sqlite_version(*)[0m
  ↳ app/views/articles/index.html.erb:4
  [1m[36mArticle Load (0.2ms)[0m  [1m[34mSELECT "articles".* FROM "articles"[0m
  ↳ app/views/articles/index.html.erb:4
  Rendered articles/index.html.erb within layouts/application (Duration: 8.9ms | Allocations: 4696)
[Webpacker] Everything's up-to-date. Nothing to do
  Rendered layout layouts/application.html.erb (Duration: 44.5ms | Allocations: 8523)
Completed 200 OK in 57ms (Views: 48.9ms | ActiveRecord: 1.3ms | Allocations: 10793)


Started GET "/articles/1" for 127.0.0.1 at 2021-08-05 21:10:23 +0200
Processing by ArticlesController#show as HTML
  Parameters: {"id"=>"1"}
  [1m[36mArticle Load (0.3ms)[0m  [1m[34mSELECT "articles".* FROM "articles" WHERE "articles"."id" = ? LIMIT ?[0m  [["id", 1], ["LIMIT", 1]]
  ↳ app/controllers/articles_controller.rb:7:in `show'
  Rendering layout layouts/application.html.erb
  Rendering articles/show.html.erb within layouts/application
  Rendered articles/show.html.erb within layouts/application (Duration: 0.6ms | Allocations: 182)
[Webpacker] Everything's up-to-date. Nothing to do
  Rendered layout layouts/application.html.erb (Duration: 36.9ms | Allocations: 3792)
Completed 200 OK in 48ms (Views: 38.0ms | ActiveRecord: 0.3ms | Allocations: 5902)


Started GET "/articles/new" for 127.0.0.1 at 2021-08-05 21:10:26 +0200
Processing by ArticlesController#new as HTML
  Rendering layout layouts/application.html.erb
  Rendering articles/new.html.erb within layouts/application
  Rendered articles/new.html.erb within layouts/application (Duration: 11.0ms | Allocations: 1327)
  Rendered layout layouts/application.html.erb (Duration: 11.7ms | Allocations: 1394)
Completed 500 Internal Server Error in 14ms (ActiveRecord: 0.0ms | Allocations: 2023)


  
ActionView::SyntaxErrorInTemplate (Encountered a syntax error while rendering template: check <h1>New Article</h1>

<%= form_with model: @article do |form| %>
    <div>
        <%= form.label :title %><br>
        <%= form.text_field :title %>
        <%= @article.errors.full_messages_for(:title).each do |message| %>
            <div><%= message %></div>
        <%= end %>
    </div>

    <div>
        <%= form.label :text %><br>
        <%= form.text_area :text %>
        <%= @article.errors.full_messages_for(:body).each do |message| %>
            <div><%= message %></div>
        <%= end %>
    </div>

    <div>
        <%= form.submit %>
    </div>
<% end %>
):
1:    <h1>New Article</h1>
2:    
3:    <%= form_with model: @article do |form| %>
4:        <div>
5:            <%= form.label :title %><br>
6:            <%= form.text_field :title %>
7:            <%= @article.errors.full_messages_for(:title).each do |message| %>
8:                <div><%= message %></div>
9:            <%= end %>
10:        </div>
11:    
12:        <div>
13:            <%= form.label :text %><br>
14:            <%= form.text_area :text %>
15:            <%= @article.errors.full_messages_for(:body).each do |message| %>
16:                <div><%= message %></div>
17:            <%= end %>
18:        </div>
19:    
20:        <div>
21:            <%= form.submit %>
22:        </div>
23:    <% end %>
  
app/views/articles/new.html.erb:9: syntax error, unexpected `end'
app/views/articles/new.html.erb:17: syntax error, unexpected `end'
app/views/articles/new.html.erb:23: syntax error, unexpected `end', expecting ')'
app/views/articles/new.html.erb:25: syntax error, unexpected `end', expecting ')'
app/views/articles/new.html.erb:9: syntax error, unexpected `end'
app/views/articles/new.html.erb:17: syntax error, unexpected `end'
app/views/articles/new.html.erb:23: syntax error, unexpected `end', expecting ')'
app/views/articles/new.html.erb:25: syntax error, unexpected `end', expecting ')'
app/views/articles/new.html.erb:9: syntax error, unexpected `end'
app/views/articles/new.html.erb:17: syntax error, unexpected `end'
app/views/articles/new.html.erb:23: syntax error, unexpected `end', expecting ')'
app/views/articles/new.html.erb:25: syntax error, unexpected `end', expecting ')'
app/views/articles/new.html.erb:9: syntax error, unexpected `end'
app/views/articles/new.html.erb:17: syntax error, unexpected `end'
app/views/articles/new.html.erb:23: syntax error, unexpected `end', expecting ')'
app/views/articles/new.html.erb:25: syntax error, unexpected `end', expecting ')'
app/views/articles/new.html.erb:9: syntax error, unexpected `end'
app/views/articles/new.html.erb:17: syntax error, unexpected `end'
app/views/articles/new.html.erb:23: syntax error, unexpected `end', expecting ')'
app/views/articles/new.html.erb:25: syntax error, unexpected `end', expecting ')'
app/views/articles/new.html.erb:9: syntax error, unexpected `end'
app/views/articles/new.html.erb:17: syntax error, unexpected `end'
app/views/articles/new.html.erb:23: syntax error, unexpected `end', expecting ')'
app/views/articles/new.html.erb:25: syntax error, unexpected `end', expecting ')'
Started GET "/articles/new" for 127.0.0.1 at 2021-08-05 21:10:48 +0200
Processing by ArticlesController#new as HTML
  Rendering layout layouts/application.html.erb
  Rendering articles/new.html.erb within layouts/application
  Rendered articles/new.html.erb within layouts/application (Duration: 12.4ms | Allocations: 1327)
[Webpacker] Everything's up-to-date. Nothing to do
  Rendered layout layouts/application.html.erb (Duration: 58.9ms | Allocations: 5150)
Completed 200 OK in 64ms (Views: 62.6ms | ActiveRecord: 0.0ms | Allocations: 6495)


Started POST "/articles" for 127.0.0.1 at 2021-08-05 21:10:52 +0200
Processing by ArticlesController#create as HTML
  Parameters: {"authenticity_token"=>"[FILTERED]", "article"=>{"title"=>"euaeu", "text"=>""}, "commit"=>"Create Article"}
[31mUnpermitted parameter: :text[0m
  Rendering layout layouts/application.html.erb
  Rendering articles/new.html.erb within layouts/application
  Rendered articles/new.html.erb within layouts/application (Duration: 1.8ms | Allocations: 1604)
[Webpacker] Everything's up-to-date. Nothing to do
  Rendered layout layouts/application.html.erb (Duration: 44.2ms | Allocations: 4953)
Completed 200 OK in 47ms (Views: 45.0ms | ActiveRecord: 0.0ms | Allocations: 6467)


Started POST "/articles" for 127.0.0.1 at 2021-08-05 21:10:56 +0200
Processing by ArticlesController#create as HTML
  Parameters: {"authenticity_token"=>"[FILTERED]", "article"=>{"title"=>"", "text"=>""}, "commit"=>"Create Article"}
[31mUnpermitted parameter: :text[0m
  Rendering layout layouts/application.html.erb
  Rendering articles/new.html.erb within layouts/application
  Rendered articles/new.html.erb within layouts/application (Duration: 3.5ms | Allocations: 2324)
[Webpacker] Everything's up-to-date. Nothing to do
  Rendered layout layouts/application.html.erb (Duration: 44.0ms | Allocations: 5673)
Completed 200 OK in 48ms (Views: 45.3ms | ActiveRecord: 0.0ms | Allocations: 6758)


Started POST "/articles" for 127.0.0.1 at 2021-08-05 21:11:51 +0200
Processing by ArticlesController#create as HTML
  Parameters: {"authenticity_token"=>"[FILTERED]", "article"=>{"title"=>"", "text"=>""}, "commit"=>"Create Article"}
[31mUnpermitted parameter: :text[0m
  Rendering layout layouts/application.html.erb
  Rendering articles/new.html.erb within layouts/application
  Rendered articles/new.html.erb within layouts/application (Duration: 2.4ms | Allocations: 2299)
[Webpacker] Everything's up-to-date. Nothing to do
  Rendered layout layouts/application.html.erb (Duration: 45.7ms | Allocations: 5648)
Completed 200 OK in 49ms (Views: 46.9ms | ActiveRecord: 0.0ms | Allocations: 6732)


Started POST "/articles" for 127.0.0.1 at 2021-08-05 21:11:52 +0200
Processing by ArticlesController#create as HTML
  Parameters: {"authenticity_token"=>"[FILTERED]", "article"=>{"title"=>"", "text"=>""}, "commit"=>"Create Article"}
[31mUnpermitted parameter: :text[0m
  Rendering layout layouts/application.html.erb
  Rendering articles/new.html.erb within layouts/application
  Rendered articles/new.html.erb within layouts/application (Duration: 2.4ms | Allocations: 2299)
[Webpacker] Everything's up-to-date. Nothing to do
  Rendered layout layouts/application.html.erb (Duration: 43.6ms | Allocations: 5648)
Completed 200 OK in 46ms (Views: 44.6ms | ActiveRecord: 0.0ms | Allocations: 6727)


Started POST "/articles" for 127.0.0.1 at 2021-08-05 21:11:54 +0200
Processing by ArticlesController#create as HTML
  Parameters: {"authenticity_token"=>"[FILTERED]", "article"=>{"title"=>"", "text"=>""}, "commit"=>"Create Article"}
[31mUnpermitted parameter: :text[0m
  Rendering layout layouts/application.html.erb
  Rendering articles/new.html.erb within layouts/application
  Rendered articles/new.html.erb within layouts/application (Duration: 2.3ms | Allocations: 2299)
[Webpacker] Everything's up-to-date. Nothing to do
  Rendered layout layouts/application.html.erb (Duration: 48.3ms | Allocations: 5648)
Completed 200 OK in 51ms (Views: 49.2ms | ActiveRecord: 0.0ms | Allocations: 6729)


Started POST "/articles" for 127.0.0.1 at 2021-08-05 21:11:54 +0200
Processing by ArticlesController#create as HTML
  Parameters: {"authenticity_token"=>"[FILTERED]", "article"=>{"title"=>"", "text"=>""}, "commit"=>"Create Article"}
[31mUnpermitted parameter: :text[0m
  Rendering layout layouts/application.html.erb
  Rendering articles/new.html.erb within layouts/application
  Rendered articles/new.html.erb within layouts/application (Duration: 2.3ms | Allocations: 2299)
[Webpacker] Everything's up-to-date. Nothing to do
  Rendered layout layouts/application.html.erb (Duration: 46.5ms | Allocations: 5648)
Completed 200 OK in 49ms (Views: 47.4ms | ActiveRecord: 0.0ms | Allocations: 6727)


Started POST "/articles" for 127.0.0.1 at 2021-08-05 21:11:55 +0200
Processing by ArticlesController#create as HTML
  Parameters: {"authenticity_token"=>"[FILTERED]", "article"=>{"title"=>"", "text"=>""}, "commit"=>"Create Article"}
[31mUnpermitted parameter: :text[0m
  Rendering layout layouts/application.html.erb
  Rendering articles/new.html.erb within layouts/application
  Rendered articles/new.html.erb within layouts/application (Duration: 2.4ms | Allocations: 2301)
[Webpacker] Everything's up-to-date. Nothing to do
  Rendered layout layouts/application.html.erb (Duration: 46.9ms | Allocations: 5651)
Completed 200 OK in 49ms (Views: 47.9ms | ActiveRecord: 0.0ms | Allocations: 6730)


Started POST "/articles" for 127.0.0.1 at 2021-08-05 21:11:55 +0200
Processing by ArticlesController#create as HTML
  Parameters: {"authenticity_token"=>"[FILTERED]", "article"=>{"title"=>"", "text"=>""}, "commit"=>"Create Article"}
[31mUnpermitted parameter: :text[0m
  Rendering layout layouts/application.html.erb
  Rendering articles/new.html.erb within layouts/application
  Rendered articles/new.html.erb within layouts/application (Duration: 2.3ms | Allocations: 2299)
[Webpacker] Everything's up-to-date. Nothing to do
  Rendered layout layouts/application.html.erb (Duration: 47.1ms | Allocations: 5648)
Completed 200 OK in 49ms (Views: 48.0ms | ActiveRecord: 0.0ms | Allocations: 6727)


Started POST "/articles" for 127.0.0.1 at 2021-08-05 21:11:56 +0200
Processing by ArticlesController#create as HTML
  Parameters: {"authenticity_token"=>"[FILTERED]", "article"=>{"title"=>"", "text"=>""}, "commit"=>"Create Article"}
[31mUnpermitted parameter: :text[0m
  Rendering layout layouts/application.html.erb
  Rendering articles/new.html.erb within layouts/application
  Rendered articles/new.html.erb within layouts/application (Duration: 2.9ms | Allocations: 2299)
[Webpacker] Everything's up-to-date. Nothing to do
  Rendered layout layouts/application.html.erb (Duration: 48.4ms | Allocations: 5648)
Completed 200 OK in 51ms (Views: 49.4ms | ActiveRecord: 0.0ms | Allocations: 6727)


Started GET "/" for 127.0.0.1 at 2021-08-05 21:12:51 +0200
Processing by ArticlesController#index as HTML
  Rendering layout layouts/application.html.erb
  Rendering articles/index.html.erb within layouts/application
  Rendered articles/index.html.erb within layouts/application (Duration: 8.4ms | Allocations: 1198)
  Rendered layout layouts/application.html.erb (Duration: 9.2ms | Allocations: 1271)
Completed 500 Internal Server Error in 15ms (ActiveRecord: 0.0ms | Allocations: 2578)


  
ActionView::SyntaxErrorInTemplate (Encountered a syntax error while rendering template: check <h1>Articles</h1>

<ul>
    <% @articles.each do |article| %>
    <li>
        <%= link_to article.title, article %>
    </li>
    <% end %>
</ul>

<%= <%= link_to "New Article", new_article_path %>%>
):
1:    <h1>Articles</h1>
2:    
3:    <ul>
4:        <% @articles.each do |article| %>
5:        <li>
6:            <%= link_to article.title, article %>
7:        </li>
8:        <% end %>
9:    </ul>
10:    
11:    <%= <%= link_to "New Article", new_article_path %>%>
  
app/views/articles/index.html.erb:11: syntax error, unexpected '<'
app/views/articles/index.html.erb:13: syntax error, unexpected `end', expecting ')'
app/views/articles/index.html.erb:11: syntax error, unexpected '<'
app/views/articles/index.html.erb:13: syntax error, unexpected `end', expecting ')'
app/views/articles/index.html.erb:11: syntax error, unexpected '<'
app/views/articles/index.html.erb:13: syntax error, unexpected `end', expecting ')'
app/views/articles/index.html.erb:11: syntax error, unexpected '<'
app/views/articles/index.html.erb:13: syntax error, unexpected `end', expecting ')'
app/views/articles/index.html.erb:11: syntax error, unexpected '<'
app/views/articles/index.html.erb:13: syntax error, unexpected `end', expecting ')'
app/views/articles/index.html.erb:11: syntax error, unexpected '<'
app/views/articles/index.html.erb:13: syntax error, unexpected `end', expecting ')'
Started GET "/" for 127.0.0.1 at 2021-08-05 21:12:57 +0200
Processing by ArticlesController#index as HTML
  Rendering layout layouts/application.html.erb
  Rendering articles/index.html.erb within layouts/application
  Rendered articles/index.html.erb within layouts/application (Duration: 8.4ms | Allocations: 1189)
  Rendered layout layouts/application.html.erb (Duration: 9.1ms | Allocations: 1262)
Completed 500 Internal Server Error in 14ms (ActiveRecord: 0.0ms | Allocations: 2625)


  
ActionView::SyntaxErrorInTemplate (Encountered a syntax error while rendering template: check <h1>Articles</h1>

<ul>
    <% @articles.each do |article| %>
    <li>
        <%= link_to article.title, article %>
    </li>
    <% end %>
</ul>

<%= <%= link_to "New Article", new_article_path %>
):
1:    <h1>Articles</h1>
2:    
3:    <ul>
4:        <% @articles.each do |article| %>
5:        <li>
6:            <%= link_to article.title, article %>
7:        </li>
8:        <% end %>
9:    </ul>
10:    
11:    <%= <%= link_to "New Article", new_article_path %>
  
app/views/articles/index.html.erb:11: syntax error, unexpected '<'
app/views/articles/index.html.erb:13: unterminated string meets end of file
app/views/articles/index.html.erb:13: syntax error, unexpected end-of-input, expecting ')'
app/views/articles/index.html.erb:11: syntax error, unexpected '<'
app/views/articles/index.html.erb:13: unterminated string meets end of file
app/views/articles/index.html.erb:13: syntax error, unexpected end-of-input, expecting ')'
app/views/articles/index.html.erb:11: syntax error, unexpected '<'
app/views/articles/index.html.erb:13: unterminated string meets end of file
app/views/articles/index.html.erb:13: syntax error, unexpected end-of-input, expecting ')'
app/views/articles/index.html.erb:11: syntax error, unexpected '<'
app/views/articles/index.html.erb:13: unterminated string meets end of file
app/views/articles/index.html.erb:13: syntax error, unexpected end-of-input, expecting ')'
app/views/articles/index.html.erb:11: syntax error, unexpected '<'
app/views/articles/index.html.erb:13: unterminated string meets end of file
app/views/articles/index.html.erb:13: syntax error, unexpected end-of-input, expecting ')'
app/views/articles/index.html.erb:11: syntax error, unexpected '<'
app/views/articles/index.html.erb:13: unterminated string meets end of file
app/views/articles/index.html.erb:13: syntax error, unexpected end-of-input, expecting ')'
Started GET "/" for 127.0.0.1 at 2021-08-05 21:13:00 +0200
Processing by ArticlesController#index as HTML
  Rendering layout layouts/application.html.erb
  Rendering articles/index.html.erb within layouts/application
  Rendered articles/index.html.erb within layouts/application (Duration: 0.9ms | Allocations: 1135)
  Rendered layout layouts/application.html.erb (Duration: 1.8ms | Allocations: 1203)
Completed 500 Internal Server Error in 4ms (ActiveRecord: 0.0ms | Allocations: 1720)


  
ActionView::SyntaxErrorInTemplate (Encountered a syntax error while rendering template: check <h1>Articles</h1>

<ul>
    <% @articles.each do |article| %>
    <li>
        <%= link_to article.title, article %>
    </li>
    <% end %>
</ul>

<%= <%= link_to "New Article", new_article_path %>
):
1:    <h1>Articles</h1>
2:    
3:    <ul>
4:        <% @articles.each do |article| %>
5:        <li>
6:            <%= link_to article.title, article %>
7:        </li>
8:        <% end %>
9:    </ul>
10:    
11:    <%= <%= link_to "New Article", new_article_path %>
  
app/views/articles/index.html.erb:11: syntax error, unexpected '<'
app/views/articles/index.html.erb:13: unterminated string meets end of file
app/views/articles/index.html.erb:13: syntax error, unexpected end-of-input, expecting ')'
app/views/articles/index.html.erb:11: syntax error, unexpected '<'
app/views/articles/index.html.erb:13: unterminated string meets end of file
app/views/articles/index.html.erb:13: syntax error, unexpected end-of-input, expecting ')'
app/views/articles/index.html.erb:11: syntax error, unexpected '<'
app/views/articles/index.html.erb:13: unterminated string meets end of file
app/views/articles/index.html.erb:13: syntax error, unexpected end-of-input, expecting ')'
app/views/articles/index.html.erb:11: syntax error, unexpected '<'
app/views/articles/index.html.erb:13: unterminated string meets end of file
app/views/articles/index.html.erb:13: syntax error, unexpected end-of-input, expecting ')'
app/views/articles/index.html.erb:11: syntax error, unexpected '<'
app/views/articles/index.html.erb:13: unterminated string meets end of file
app/views/articles/index.html.erb:13: syntax error, unexpected end-of-input, expecting ')'
app/views/articles/index.html.erb:11: syntax error, unexpected '<'
app/views/articles/index.html.erb:13: unterminated string meets end of file
app/views/articles/index.html.erb:13: syntax error, unexpected end-of-input, expecting ')'
Started GET "/" for 127.0.0.1 at 2021-08-05 21:13:06 +0200
Processing by ArticlesController#index as HTML
  Rendering layout layouts/application.html.erb
  Rendering articles/index.html.erb within layouts/application
  [1m[36mArticle Load (0.2ms)[0m  [1m[34mSELECT "articles".* FROM "articles"[0m
  ↳ app/views/articles/index.html.erb:4
  Rendered articles/index.html.erb within layouts/application (Duration: 9.3ms | Allocations: 1130)
[Webpacker] Everything's up-to-date. Nothing to do
  Rendered layout layouts/application.html.erb (Duration: 43.7ms | Allocations: 4979)
Completed 200 OK in 49ms (Views: 47.4ms | ActiveRecord: 0.2ms | Allocations: 6327)


Started GET "/articles/new" for 127.0.0.1 at 2021-08-05 21:13:07 +0200
Processing by ArticlesController#new as HTML
  Rendering layout layouts/application.html.erb
  Rendering articles/new.html.erb within layouts/application
  Rendered articles/new.html.erb within layouts/application (Duration: 1.4ms | Allocations: 1113)
[Webpacker] Everything's up-to-date. Nothing to do
  Rendered layout layouts/application.html.erb (Duration: 47.0ms | Allocations: 4544)
Completed 200 OK in 49ms (Views: 47.9ms | ActiveRecord: 0.0ms | Allocations: 5209)


Started POST "/articles" for 127.0.0.1 at 2021-08-05 21:13:17 +0200
Processing by ArticlesController#create as HTML
  Parameters: {"authenticity_token"=>"[FILTERED]", "article"=>{"title"=>"o", "text"=>"o"}, "commit"=>"Create Article"}
[31mUnpermitted parameter: :text[0m
  Rendering layout layouts/application.html.erb
  Rendering articles/new.html.erb within layouts/application
  Rendered articles/new.html.erb within layouts/application (Duration: 1.6ms | Allocations: 1443)
[Webpacker] Everything's up-to-date. Nothing to do
  Rendered layout layouts/application.html.erb (Duration: 47.5ms | Allocations: 4792)
Completed 200 OK in 50ms (Views: 48.4ms | ActiveRecord: 0.0ms | Allocations: 5934)


Started POST "/articles" for 127.0.0.1 at 2021-08-05 21:13:20 +0200
Processing by ArticlesController#create as HTML
  Parameters: {"authenticity_token"=>"[FILTERED]", "article"=>{"title"=>"o", "text"=>"aeuaoeuaoeuaoeuaoeu"}, "commit"=>"Create Article"}
[31mUnpermitted parameter: :text[0m
  Rendering layout layouts/application.html.erb
  Rendering articles/new.html.erb within layouts/application
  Rendered articles/new.html.erb within layouts/application (Duration: 1.5ms | Allocations: 1436)
[Webpacker] Everything's up-to-date. Nothing to do
  Rendered layout layouts/application.html.erb (Duration: 47.3ms | Allocations: 4785)
Completed 200 OK in 50ms (Views: 48.3ms | ActiveRecord: 0.0ms | Allocations: 5860)


Started POST "/articles" for 127.0.0.1 at 2021-08-05 21:13:23 +0200
Processing by ArticlesController#create as HTML
  Parameters: {"authenticity_token"=>"[FILTERED]", "article"=>{"title"=>"o", "text"=>"oeuaoeuaoeuaoeuao"}, "commit"=>"Create Article"}
[31mUnpermitted parameter: :text[0m
  Rendering layout layouts/application.html.erb
  Rendering articles/new.html.erb within layouts/application
  Rendered articles/new.html.erb within layouts/application (Duration: 1.9ms | Allocations: 1438)
[Webpacker] Everything's up-to-date. Nothing to do
  Rendered layout layouts/application.html.erb (Duration: 45.9ms | Allocations: 4787)
Completed 200 OK in 48ms (Views: 47.0ms | ActiveRecord: 0.0ms | Allocations: 5862)


Started POST "/articles" for 127.0.0.1 at 2021-08-05 21:13:30 +0200
Processing by ArticlesController#create as HTML
  Parameters: {"authenticity_token"=>"[FILTERED]", "article"=>{"title"=>"o", "text"=>"uaoeusatoehus uasontehus suantoehus sntaoehus ntaohu"}, "commit"=>"Create Article"}
[31mUnpermitted parameter: :text[0m
  Rendering layout layouts/application.html.erb
  Rendering articles/new.html.erb within layouts/application
  Rendered articles/new.html.erb within layouts/application (Duration: 1.6ms | Allocations: 1436)
[Webpacker] Everything's up-to-date. Nothing to do
  Rendered layout layouts/application.html.erb (Duration: 45.6ms | Allocations: 4785)
Completed 200 OK in 48ms (Views: 46.4ms | ActiveRecord: 0.0ms | Allocations: 5860)


Started GET "/" for 127.0.0.1 at 2021-08-05 21:13:40 +0200
Processing by ArticlesController#index as HTML
  Rendering layout layouts/application.html.erb
  Rendering articles/index.html.erb within layouts/application
  [1m[36mArticle Load (0.2ms)[0m  [1m[34mSELECT "articles".* FROM "articles"[0m
  ↳ app/views/articles/index.html.erb:4
  Rendered articles/index.html.erb within layouts/application (Duration: 1.9ms | Allocations: 784)
[Webpacker] Everything's up-to-date. Nothing to do
  Rendered layout layouts/application.html.erb (Duration: 45.2ms | Allocations: 4227)
Completed 200 OK in 47ms (Views: 45.9ms | ActiveRecord: 0.2ms | Allocations: 4705)


Started GET "/articles/new" for 127.0.0.1 at 2021-08-05 21:13:42 +0200
Processing by ArticlesController#new as HTML
  Rendering layout layouts/application.html.erb
  Rendering articles/new.html.erb within layouts/application
  Rendered articles/new.html.erb within layouts/application (Duration: 0.9ms | Allocations: 695)
[Webpacker] Everything's up-to-date. Nothing to do
  Rendered layout layouts/application.html.erb (Duration: 45.3ms | Allocations: 4126)
Completed 200 OK in 47ms (Views: 46.2ms | ActiveRecord: 0.0ms | Allocations: 4607)


Started GET "/articles/new" for 127.0.0.1 at 2021-08-05 21:14:09 +0200
Processing by ArticlesController#new as HTML
  Rendering layout layouts/application.html.erb
  Rendering articles/new.html.erb within layouts/application
  Rendered articles/new.html.erb within layouts/application (Duration: 11.6ms | Allocations: 1220)
[Webpacker] Everything's up-to-date. Nothing to do
  Rendered layout layouts/application.html.erb (Duration: 59.8ms | Allocations: 5033)
Completed 200 OK in 65ms (Views: 63.8ms | ActiveRecord: 0.0ms | Allocations: 6384)


Started POST "/articles" for 127.0.0.1 at 2021-08-05 21:14:13 +0200
Processing by ArticlesController#create as HTML
  Parameters: {"authenticity_token"=>"[FILTERED]", "article"=>{"title"=>"uaoeuaoeuaoeu", "body"=>"aoeuaoeuaoeuaoe"}, "commit"=>"Create Article"}
[31mUnpermitted parameter: :body[0m
  Rendering layout layouts/application.html.erb
  Rendering articles/new.html.erb within layouts/application
  Rendered articles/new.html.erb within layouts/application (Duration: 2.4ms | Allocations: 2442)
[Webpacker] Everything's up-to-date. Nothing to do
  Rendered layout layouts/application.html.erb (Duration: 46.9ms | Allocations: 5791)
Completed 200 OK in 49ms (Views: 47.7ms | ActiveRecord: 0.0ms | Allocations: 6976)


Started POST "/articles" for 127.0.0.1 at 2021-08-05 21:14:18 +0200
Processing by ArticlesController#create as HTML
  Parameters: {"authenticity_token"=>"[FILTERED]", "article"=>{"title"=>"uaoeuaoeuaoeu", "body"=>"aoeun snth asoetuhsnth eusnth aoestuh snthaosnh usnthsnthsnoe"}, "commit"=>"Create Article"}
[31mUnpermitted parameter: :body[0m
  Rendering layout layouts/application.html.erb
  Rendering articles/new.html.erb within layouts/application
  Rendered articles/new.html.erb within layouts/application (Duration: 2.5ms | Allocations: 2434)
[Webpacker] Everything's up-to-date. Nothing to do
  Rendered layout layouts/application.html.erb (Duration: 46.0ms | Allocations: 5784)
Completed 200 OK in 48ms (Views: 47.1ms | ActiveRecord: 0.0ms | Allocations: 6859)


Started POST "/articles" for 127.0.0.1 at 2021-08-05 21:14:47 +0200
Processing by ArticlesController#create as HTML
  Parameters: {"authenticity_token"=>"[FILTERED]", "article"=>{"title"=>"uaoeuaoeuaoeu", "body"=>"e e e e e e ee e e e e e e e e e e"}, "commit"=>"Create Article"}
[31mUnpermitted parameter: :body[0m
  Rendering layout layouts/application.html.erb
  Rendering articles/new.html.erb within layouts/application
  Rendered articles/new.html.erb within layouts/application (Duration: 2.5ms | Allocations: 2434)
[Webpacker] Everything's up-to-date. Nothing to do
  Rendered layout layouts/application.html.erb (Duration: 47.8ms | Allocations: 5783)
Completed 200 OK in 50ms (Views: 48.6ms | ActiveRecord: 0.0ms | Allocations: 6858)


Started POST "/articles" for 127.0.0.1 at 2021-08-05 21:14:48 +0200
Processing by ArticlesController#create as HTML
  Parameters: {"authenticity_token"=>"[FILTERED]", "article"=>{"title"=>"uaoeuaoeuaoeu", "body"=>""}, "commit"=>"Create Article"}
[31mUnpermitted parameter: :body[0m
  Rendering layout layouts/application.html.erb
  Rendering articles/new.html.erb within layouts/application
  Rendered articles/new.html.erb within layouts/application (Duration: 2.6ms | Allocations: 2434)
[Webpacker] Everything's up-to-date. Nothing to do
  Rendered layout layouts/application.html.erb (Duration: 47.9ms | Allocations: 5783)
Completed 200 OK in 51ms (Views: 48.8ms | ActiveRecord: 0.0ms | Allocations: 6858)


Started POST "/articles" for 127.0.0.1 at 2021-08-05 21:14:49 +0200
Processing by ArticlesController#create as HTML
  Parameters: {"authenticity_token"=>"[FILTERED]", "article"=>{"title"=>"uaoeuaoeuaoeu", "body"=>""}, "commit"=>"Create Article"}
[31mUnpermitted parameter: :body[0m
  Rendering layout layouts/application.html.erb
  Rendering articles/new.html.erb within layouts/application
  Rendered articles/new.html.erb within layouts/application (Duration: 2.4ms | Allocations: 2434)
[Webpacker] Everything's up-to-date. Nothing to do
  Rendered layout layouts/application.html.erb (Duration: 47.3ms | Allocations: 5809)
Completed 200 OK in 50ms (Views: 48.2ms | ActiveRecord: 0.0ms | Allocations: 6884)


Started POST "/articles" for 127.0.0.1 at 2021-08-05 21:14:51 +0200
Processing by ArticlesController#create as HTML
  Parameters: {"authenticity_token"=>"[FILTERED]", "article"=>{"title"=>"uaoeuaoeuaoeu", "body"=>""}, "commit"=>"Create Article"}
[31mUnpermitted parameter: :body[0m
  Rendering layout layouts/application.html.erb
  Rendering articles/new.html.erb within layouts/application
  Rendered articles/new.html.erb within layouts/application (Duration: 2.4ms | Allocations: 2434)
[Webpacker] Everything's up-to-date. Nothing to do
  Rendered layout layouts/application.html.erb (Duration: 47.4ms | Allocations: 5783)
Completed 200 OK in 50ms (Views: 48.3ms | ActiveRecord: 0.0ms | Allocations: 6858)


Started GET "/articles" for 127.0.0.1 at 2021-08-06 09:07:45 +0200
Processing by ArticlesController#index as HTML
  Rendering layout layouts/application.html.erb
  Rendering articles/index.html.erb within layouts/application
  [1m[35m (0.1ms)[0m  [1m[34mSELECT sqlite_version(*)[0m
  ↳ app/views/articles/index.html.erb:4
  [1m[36mArticle Load (0.2ms)[0m  [1m[34mSELECT "articles".* FROM "articles"[0m
  ↳ app/views/articles/index.html.erb:4
  Rendered articles/index.html.erb within layouts/application (Duration: 7.8ms | Allocations: 1773)
[Webpacker] Everything's up-to-date. Nothing to do
  Rendered layout layouts/application.html.erb (Duration: 53.2ms | Allocations: 5225)
Completed 200 OK in 57ms (Views: 54.7ms | ActiveRecord: 0.8ms | Allocations: 5827)


Started GET "/articles/new" for 127.0.0.1 at 2021-08-06 09:07:46 +0200
Processing by ArticlesController#new as HTML
  Rendering layout layouts/application.html.erb
  Rendering articles/new.html.erb within layouts/application
  Rendered articles/new.html.erb within layouts/application (Duration: 1.3ms | Allocations: 691)
[Webpacker] Everything's up-to-date. Nothing to do
  Rendered layout layouts/application.html.erb (Duration: 45.5ms | Allocations: 4122)
Completed 200 OK in 47ms (Views: 46.4ms | ActiveRecord: 0.0ms | Allocations: 4604)


Started POST "/articles" for 127.0.0.1 at 2021-08-06 09:08:00 +0200
Processing by ArticlesController#create as HTML
  Parameters: {"authenticity_token"=>"[FILTERED]", "article"=>{"title"=>"euaoeu", "body"=>"aeuaoeuaoaoaou aoeu aoeu aoeu aoeu aoeuao euao euaoe uaoeu aoeuaoeuaoeuaoeuaoeu"}, "commit"=>"Create Article"}
[31mUnpermitted parameter: :body[0m
  Rendering layout layouts/application.html.erb
  Rendering articles/new.html.erb within layouts/application
  Rendered articles/new.html.erb within layouts/application (Duration: 2.3ms | Allocations: 2434)
[Webpacker] Everything's up-to-date. Nothing to do
  Rendered layout layouts/application.html.erb (Duration: 44.9ms | Allocations: 5783)
Completed 200 OK in 47ms (Views: 45.8ms | ActiveRecord: 0.0ms | Allocations: 6875)


Started GET "/articles" for 127.0.0.1 at 2021-08-06 09:08:31 +0200
Processing by ArticlesController#index as HTML
  Rendering layout layouts/application.html.erb
  Rendering articles/index.html.erb within layouts/application
  [1m[35m (0.0ms)[0m  [1m[34mSELECT sqlite_version(*)[0m
  ↳ app/views/articles/index.html.erb:4
  [1m[36mArticle Load (0.3ms)[0m  [1m[34mSELECT "articles".* FROM "articles"[0m
  ↳ app/views/articles/index.html.erb:4
  Rendered articles/index.html.erb within layouts/application (Duration: 8.1ms | Allocations: 4456)
[Webpacker] Everything's up-to-date. Nothing to do
  Rendered layout layouts/application.html.erb (Duration: 49.0ms | Allocations: 8104)
Completed 200 OK in 52ms (Views: 50.3ms | ActiveRecord: 1.2ms | Allocations: 9614)


Started GET "/articles/new" for 127.0.0.1 at 2021-08-06 09:08:32 +0200
Processing by ArticlesController#new as HTML
  Rendering layout layouts/application.html.erb
  Rendering articles/new.html.erb within layouts/application
  Rendered articles/new.html.erb within layouts/application (Duration: 0.9ms | Allocations: 816)
[Webpacker] Everything's up-to-date. Nothing to do
  Rendered layout layouts/application.html.erb (Duration: 47.2ms | Allocations: 4247)
Completed 200 OK in 49ms (Views: 48.1ms | ActiveRecord: 0.0ms | Allocations: 4793)


Started POST "/articles" for 127.0.0.1 at 2021-08-06 09:08:39 +0200
Processing by ArticlesController#create as HTML
  Parameters: {"authenticity_token"=>"[FILTERED]", "article"=>{"title"=>"hello", "body"=>"aoehu aoe uaoe uaoe uao euao eu aoeu aoeu\r\naeo"}, "commit"=>"Create Article"}
  [1m[36mTRANSACTION (0.0ms)[0m  [1m[36mbegin transaction[0m
  ↳ app/controllers/articles_controller.rb:16:in `create'
  [1m[36mArticle Create (0.8ms)[0m  [1m[32mINSERT INTO "articles" ("title", "body", "created_at", "updated_at") VALUES (?, ?, ?, ?)[0m  [["title", "hello"], ["body", "aoehu aoe uaoe uaoe uao euao eu aoeu aoeu\r\naeo"], ["created_at", "2021-08-06 07:08:39.703148"], ["updated_at", "2021-08-06 07:08:39.703148"]]
  ↳ app/controllers/articles_controller.rb:16:in `create'
  [1m[36mTRANSACTION (3.0ms)[0m  [1m[36mcommit transaction[0m
  ↳ app/controllers/articles_controller.rb:16:in `create'
Redirected to http://localhost:3000/articles/3
Completed 302 Found in 11ms (ActiveRecord: 3.9ms | Allocations: 3121)


Started GET "/articles/3" for 127.0.0.1 at 2021-08-06 09:08:39 +0200
Processing by ArticlesController#show as HTML
  Parameters: {"id"=>"3"}
  [1m[36mArticle Load (0.2ms)[0m  [1m[34mSELECT "articles".* FROM "articles" WHERE "articles"."id" = ? LIMIT ?[0m  [["id", 3], ["LIMIT", 1]]
  ↳ app/controllers/articles_controller.rb:7:in `show'
  Rendering layout layouts/application.html.erb
  Rendering articles/show.html.erb within layouts/application
  Rendered articles/show.html.erb within layouts/application (Duration: 0.4ms | Allocations: 163)
[Webpacker] Everything's up-to-date. Nothing to do
  Rendered layout layouts/application.html.erb (Duration: 43.4ms | Allocations: 3615)
Completed 200 OK in 48ms (Views: 44.4ms | ActiveRecord: 0.2ms | Allocations: 4951)


Started GET "/articles/3" for 127.0.0.1 at 2021-08-06 09:10:13 +0200
Processing by ArticlesController#show as HTML
  Parameters: {"id"=>"3"}
  [1m[36mArticle Load (0.2ms)[0m  [1m[34mSELECT "articles".* FROM "articles" WHERE "articles"."id" = ? LIMIT ?[0m  [["id", 3], ["LIMIT", 1]]
  ↳ app/controllers/articles_controller.rb:7:in `show'
  Rendering layout layouts/application.html.erb
  Rendering articles/show.html.erb within layouts/application
  Rendered articles/show.html.erb within layouts/application (Duration: 6.5ms | Allocations: 1163)
  Rendered layout layouts/application.html.erb (Duration: 7.3ms | Allocations: 1236)
Completed 500 Internal Server Error in 15ms (ActiveRecord: 0.2ms | Allocations: 3074)


  
ActionView::SyntaxErrorInTemplate (Encountered a syntax error while rendering template: check <h1><%= @article.title %></h1>

<p> <%= @article.body %> </p>

<%= <%= link_to "/articles", article_path %>%>
):
1:    <h1><%= @article.title %></h1>
2:    
3:    <p> <%= @article.body %> </p>
4:    
5:    <%= <%= link_to "/articles", article_path %>%>
  
app/views/articles/show.html.erb:5: syntax error, unexpected '<'
app/views/articles/show.html.erb:7: syntax error, unexpected `end', expecting ')'
app/views/articles/show.html.erb:5: syntax error, unexpected '<'
app/views/articles/show.html.erb:7: syntax error, unexpected `end', expecting ')'
app/views/articles/show.html.erb:5: syntax error, unexpected '<'
app/views/articles/show.html.erb:7: syntax error, unexpected `end', expecting ')'
app/views/articles/show.html.erb:5: syntax error, unexpected '<'
app/views/articles/show.html.erb:7: syntax error, unexpected `end', expecting ')'
app/views/articles/show.html.erb:5: syntax error, unexpected '<'
app/views/articles/show.html.erb:7: syntax error, unexpected `end', expecting ')'
app/views/articles/show.html.erb:5: syntax error, unexpected '<'
app/views/articles/show.html.erb:7: syntax error, unexpected `end', expecting ')'
Started GET "/articles/3" for 127.0.0.1 at 2021-08-06 09:10:22 +0200
Processing by ArticlesController#show as HTML
  Parameters: {"id"=>"3"}
  [1m[36mArticle Load (0.2ms)[0m  [1m[34mSELECT "articles".* FROM "articles" WHERE "articles"."id" = ? LIMIT ?[0m  [["id", 3], ["LIMIT", 1]]
  ↳ app/controllers/articles_controller.rb:7:in `show'
  Rendering layout layouts/application.html.erb
  Rendering articles/show.html.erb within layouts/application
  Rendered articles/show.html.erb within layouts/application (Duration: 5.4ms | Allocations: 297)
[Webpacker] Everything's up-to-date. Nothing to do
  Rendered layout layouts/application.html.erb (Duration: 41.2ms | Allocations: 4146)
Completed 200 OK in 49ms (Views: 45.0ms | ActiveRecord: 0.2ms | Allocations: 6149)


Started GET "/articles/3" for 127.0.0.1 at 2021-08-06 09:10:25 +0200
Processing by ArticlesController#show as HTML
  Parameters: {"id"=>"3"}
  [1m[36mArticle Load (0.2ms)[0m  [1m[34mSELECT "articles".* FROM "articles" WHERE "articles"."id" = ? LIMIT ?[0m  [["id", 3], ["LIMIT", 1]]
  ↳ app/controllers/articles_controller.rb:7:in `show'
  Rendering layout layouts/application.html.erb
  Rendering articles/show.html.erb within layouts/application
  Rendered articles/show.html.erb within layouts/application (Duration: 0.3ms | Allocations: 96)
[Webpacker] Everything's up-to-date. Nothing to do
  Rendered layout layouts/application.html.erb (Duration: 42.5ms | Allocations: 3541)
Completed 200 OK in 46ms (Views: 43.3ms | ActiveRecord: 0.2ms | Allocations: 4675)


Started GET "/articles/3" for 127.0.0.1 at 2021-08-06 09:10:27 +0200
Processing by ArticlesController#show as HTML
  Parameters: {"id"=>"3"}
  [1m[36mArticle Load (0.2ms)[0m  [1m[34mSELECT "articles".* FROM "articles" WHERE "articles"."id" = ? LIMIT ?[0m  [["id", 3], ["LIMIT", 1]]
  ↳ app/controllers/articles_controller.rb:7:in `show'
  Rendering layout layouts/application.html.erb
  Rendering articles/show.html.erb within layouts/application
  Rendered articles/show.html.erb within layouts/application (Duration: 0.2ms | Allocations: 96)
[Webpacker] Everything's up-to-date. Nothing to do
  Rendered layout layouts/application.html.erb (Duration: 42.3ms | Allocations: 3539)
Completed 200 OK in 46ms (Views: 43.2ms | ActiveRecord: 0.2ms | Allocations: 4545)


Started GET "/articles/3" for 127.0.0.1 at 2021-08-06 09:10:36 +0200
Processing by ArticlesController#show as HTML
  Parameters: {"id"=>"3"}
  [1m[36mArticle Load (0.2ms)[0m  [1m[34mSELECT "articles".* FROM "articles" WHERE "articles"."id" = ? LIMIT ?[0m  [["id", 3], ["LIMIT", 1]]
  ↳ app/controllers/articles_controller.rb:7:in `show'
  Rendering layout layouts/application.html.erb
  Rendering articles/show.html.erb within layouts/application
  Rendered articles/show.html.erb within layouts/application (Duration: 7.8ms | Allocations: 294)
[Webpacker] Everything's up-to-date. Nothing to do
  Rendered layout layouts/application.html.erb (Duration: 60.1ms | Allocations: 4139)
Completed 200 OK in 68ms (Views: 64.0ms | ActiveRecord: 0.2ms | Allocations: 6015)


Started GET "/articles/3" for 127.0.0.1 at 2021-08-06 09:10:38 +0200
Processing by ArticlesController#show as HTML
  Parameters: {"id"=>"3"}
  [1m[36mArticle Load (0.2ms)[0m  [1m[34mSELECT "articles".* FROM "articles" WHERE "articles"."id" = ? LIMIT ?[0m  [["id", 3], ["LIMIT", 1]]
  ↳ app/controllers/articles_controller.rb:7:in `show'
  Rendering layout layouts/application.html.erb
  Rendering articles/show.html.erb within layouts/application
  Rendered articles/show.html.erb within layouts/application (Duration: 0.2ms | Allocations: 96)
[Webpacker] Everything's up-to-date. Nothing to do
  Rendered layout layouts/application.html.erb (Duration: 46.8ms | Allocations: 3539)
Completed 200 OK in 50ms (Views: 47.6ms | ActiveRecord: 0.2ms | Allocations: 4675)


Started GET "/articles/3" for 127.0.0.1 at 2021-08-06 09:10:44 +0200
Processing by ArticlesController#show as HTML
  Parameters: {"id"=>"3"}
  [1m[36mArticle Load (0.2ms)[0m  [1m[34mSELECT "articles".* FROM "articles" WHERE "articles"."id" = ? LIMIT ?[0m  [["id", 3], ["LIMIT", 1]]
  ↳ app/controllers/articles_controller.rb:7:in `show'
  Rendering layout layouts/application.html.erb
  Rendering articles/show.html.erb within layouts/application
  Rendered articles/show.html.erb within layouts/application (Duration: 5.6ms | Allocations: 266)
[Webpacker] Everything's up-to-date. Nothing to do
  Rendered layout layouts/application.html.erb (Duration: 40.0ms | Allocations: 4107)
Completed 200 OK in 47ms (Views: 43.6ms | ActiveRecord: 0.2ms | Allocations: 5978)


Started GET "/articles" for 127.0.0.1 at 2021-08-06 09:10:46 +0200
Processing by ArticlesController#index as HTML
  Rendering layout layouts/application.html.erb
  Rendering articles/index.html.erb within layouts/application
  [1m[36mArticle Load (0.2ms)[0m  [1m[34mSELECT "articles".* FROM "articles"[0m
  ↳ app/views/articles/index.html.erb:4
  Rendered articles/index.html.erb within layouts/application (Duration: 2.8ms | Allocations: 1058)
[Webpacker] Everything's up-to-date. Nothing to do
  Rendered layout layouts/application.html.erb (Duration: 47.0ms | Allocations: 4504)
Completed 200 OK in 49ms (Views: 47.8ms | ActiveRecord: 0.2ms | Allocations: 5163)


Started GET "/articles/new" for 127.0.0.1 at 2021-08-06 09:10:47 +0200
Processing by ArticlesController#new as HTML
  Rendering layout layouts/application.html.erb
  Rendering articles/new.html.erb within layouts/application
  Rendered articles/new.html.erb within layouts/application (Duration: 1.9ms | Allocations: 1105)
[Webpacker] Everything's up-to-date. Nothing to do
  Rendered layout layouts/application.html.erb (Duration: 45.5ms | Allocations: 4545)
Completed 200 OK in 48ms (Views: 46.6ms | ActiveRecord: 0.0ms | Allocations: 5158)


Started GET "/articles/new" for 127.0.0.1 at 2021-08-06 09:11:29 +0200
Processing by ArticlesController#new as HTML
  Rendering layout layouts/application.html.erb
  Rendering articles/new.html.erb within layouts/application
  Rendered articles/new.html.erb within layouts/application (Duration: 11.6ms | Allocations: 1248)
[Webpacker] Everything's up-to-date. Nothing to do
  Rendered layout layouts/application.html.erb (Duration: 57.6ms | Allocations: 5062)
Completed 200 OK in 63ms (Views: 61.4ms | ActiveRecord: 0.0ms | Allocations: 6412)


Started GET "/articles" for 127.0.0.1 at 2021-08-06 09:11:31 +0200
Processing by ArticlesController#index as HTML
  Rendering layout layouts/application.html.erb
  Rendering articles/index.html.erb within layouts/application
  [1m[36mArticle Load (0.2ms)[0m  [1m[34mSELECT "articles".* FROM "articles"[0m
  ↳ app/views/articles/index.html.erb:4
  Rendered articles/index.html.erb within layouts/application (Duration: 2.3ms | Allocations: 1063)
[Webpacker] Everything's up-to-date. Nothing to do
  Rendered layout layouts/application.html.erb (Duration: 45.7ms | Allocations: 4506)
Completed 200 OK in 48ms (Views: 46.5ms | ActiveRecord: 0.2ms | Allocations: 5163)


Started GET "/articles/new" for 127.0.0.1 at 2021-08-06 09:11:44 +0200
Processing by ArticlesController#new as HTML
  Rendering layout layouts/application.html.erb
  Rendering articles/new.html.erb within layouts/application
  Rendered articles/new.html.erb within layouts/application (Duration: 1.0ms | Allocations: 711)
[Webpacker] Everything's up-to-date. Nothing to do
  Rendered layout layouts/application.html.erb (Duration: 43.5ms | Allocations: 4142)
Completed 200 OK in 45ms (Views: 44.6ms | ActiveRecord: 0.0ms | Allocations: 4629)


Started GET "/articles" for 127.0.0.1 at 2021-08-06 09:11:48 +0200
Processing by ArticlesController#index as HTML
  Rendering layout layouts/application.html.erb
  Rendering articles/index.html.erb within layouts/application
  [1m[36mArticle Load (0.2ms)[0m  [1m[34mSELECT "articles".* FROM "articles"[0m
  ↳ app/views/articles/index.html.erb:4
  Rendered articles/index.html.erb within layouts/application (Duration: 2.0ms | Allocations: 818)
[Webpacker] Everything's up-to-date. Nothing to do
  Rendered layout layouts/application.html.erb (Duration: 39.1ms | Allocations: 4261)
Completed 200 OK in 41ms (Views: 39.9ms | ActiveRecord: 0.2ms | Allocations: 4740)


Started GET "/articles" for 127.0.0.1 at 2021-08-06 09:11:59 +0200
Processing by ArticlesController#index as HTML
  Rendering layout layouts/application.html.erb
  Rendering articles/index.html.erb within layouts/application
  [1m[36mArticle Load (0.1ms)[0m  [1m[34mSELECT "articles".* FROM "articles"[0m
  ↳ app/views/articles/index.html.erb:4
  Rendered articles/index.html.erb within layouts/application (Duration: 2.4ms | Allocations: 1154)
[Webpacker] Everything's up-to-date. Nothing to do
  Rendered layout layouts/application.html.erb (Duration: 42.7ms | Allocations: 4994)
Completed 200 OK in 48ms (Views: 46.2ms | ActiveRecord: 0.1ms | Allocations: 6335)


Started GET "/articles/new" for 127.0.0.1 at 2021-08-06 09:12:00 +0200
Processing by ArticlesController#new as HTML
  Rendering layout layouts/application.html.erb
  Rendering articles/new.html.erb within layouts/application
  Rendered articles/new.html.erb within layouts/application (Duration: 1.4ms | Allocations: 1145)
[Webpacker] Everything's up-to-date. Nothing to do
  Rendered layout layouts/application.html.erb (Duration: 45.1ms | Allocations: 4582)
Completed 200 OK in 48ms (Views: 46.2ms | ActiveRecord: 0.0ms | Allocations: 5246)


Started GET "/articles" for 127.0.0.1 at 2021-08-06 09:12:04 +0200
Processing by ArticlesController#index as HTML
  Rendering layout layouts/application.html.erb
  Rendering articles/index.html.erb within layouts/application
  [1m[36mArticle Load (0.2ms)[0m  [1m[34mSELECT "articles".* FROM "articles"[0m
  ↳ app/views/articles/index.html.erb:4
  Rendered articles/index.html.erb within layouts/application (Duration: 2.2ms | Allocations: 820)
[Webpacker] Everything's up-to-date. Nothing to do
  Rendered layout layouts/application.html.erb (Duration: 45.9ms | Allocations: 4272)
Completed 200 OK in 47ms (Views: 46.7ms | ActiveRecord: 0.2ms | Allocations: 4753)


Started GET "/articles" for 127.0.0.1 at 2021-08-06 09:12:15 +0200
Processing by ArticlesController#index as HTML
  Rendering layout layouts/application.html.erb
  Rendering articles/index.html.erb within layouts/application
  [1m[36mArticle Load (0.1ms)[0m  [1m[34mSELECT "articles".* FROM "articles"[0m
  ↳ app/views/articles/index.html.erb:4
  Rendered articles/index.html.erb within layouts/application (Duration: 2.3ms | Allocations: 1159)
[Webpacker] Everything's up-to-date. Nothing to do
  Rendered layout layouts/application.html.erb (Duration: 43.1ms | Allocations: 5000)
Completed 200 OK in 48ms (Views: 46.6ms | ActiveRecord: 0.1ms | Allocations: 6342)


